<?xml version="1.0" encoding="UTF-8"?>
<testng-results skipped="0" failed="0" total="1" passed="1">
  <reporter-output>
  </reporter-output>
  <suite name="Default suite" duration-ms="53" started-at="2019-08-12T04:19:13Z" finished-at="2019-08-12T04:19:13Z">
    <groups>
    </groups>
    <test name="Default test" duration-ms="53" started-at="2019-08-12T04:19:13Z" finished-at="2019-08-12T04:19:13Z">
      <class name="com.test.NewTest1">
        <test-method status="PASS" signature="testGoogle()[pri:1, instance:com.test.NewTest1@2be94b0f]" name="testGoogle" duration-ms="23" started-at="2019-08-12T09:49:13Z" finished-at="2019-08-12T09:49:13Z">
          <reporter-output>
          </reporter-output>
        </test-method> <!-- testGoogle -->
      </class> <!-- com.test.NewTest1 -->
    </test> <!-- Default test -->
  </suite> <!-- Default suite -->
</testng-results>
